<?xml version="1.0" encoding="UTF-8"?>
<!-- Generated by org.testng.reporters.JUnitReportReporter -->
<testsuite hostname="BEAST" failures="0" tests="6" name="tests.Day3" time="0.013" errors="0" timestamp="2024-11-11T11:20:41 IST" skipped="1">
  <testcase classname="tests.Day3" name="mobileSignOutCarLoan" time="0.001"/>
  <system-out/>
  <testcase classname="tests.Day3" name="mobileSignOutCarLoan" time="0.003"/>
  <system-out/>
  <testcase classname="tests.Day3" name="mobileSignOutCarLoan" time="0.002"/>
  <system-out/>
  <testcase classname="tests.Day3" name="mobileLoginCarLoan" time="0.006"/>
  <system-out/>
  <testcase classname="tests.Day3" name="webLoginCarLoan" time="0.001"/>
  <system-out/>
  <testcase classname="tests.Day3" name="mobileSignInCarLoan">
    <skipped/>
  </testcase> <!-- mobileSignInCarLoan -->
  <system-out/>
</testsuite> <!-- tests.Day3 -->
