<?xml version="1.0" encoding="UTF-8"?>
<!-- Generated by org.testng.reporters.JUnitReportReporter -->
<testsuite hostname="BEAST" failures="0" tests="3" name="tests.Day4" time="0.004" errors="0" timestamp="2024-11-11T11:20:41 IST" skipped="0">
  <testcase classname="tests.Day4" name="loginAPIHomeLoan" time="0.003"/>
  <system-out/>
  <testcase classname="tests.Day4" name="webLoginHomeLoan" time="0.000"/>
  <system-out/>
  <testcase classname="tests.Day4" name="mobileLoginHomeLoan" time="0.001"/>
  <system-out/>
</testsuite> <!-- tests.Day4 -->
