<?xml version="1.0" encoding="UTF-8"?>
<!-- Generated by org.testng.reporters.JUnitReportReporter -->
<testsuite hostname="BEAST" failures="0" tests="1" name="tests.Day2" time="0.008" errors="0" timestamp="2024-11-11T11:20:41 IST" skipped="0">
  <testcase classname="tests.Day2" name="ploan" time="0.008"/>
  <system-out/>
</testsuite> <!-- tests.Day2 -->
